[20:42:34] [ServerMain/INFO]: Environment: Environment[sessionHost=https://sessionserver.mojang.com, servicesHost=https://api.minecraftservices.com, name=PROD]
[20:42:35] [ServerMain/INFO]: Loaded 1290 recipes
[20:42:36] [Server thread/INFO]: Starting minecraft server version 1.21
[20:42:36] [Server thread/INFO]: Loading properties
[20:42:37] [Server thread/INFO]: This server is running CraftBukkit version 4226-Spigot-146439e-2889b3a (MC: 1.21) (Implementing API version 1.21-R0.1-SNAPSHOT)
[20:42:38] [Server thread/INFO]: Debug logging is disabled
[20:42:38] [Server thread/INFO]: Server Ping Player Sample Count: 12
[20:42:38] [Server thread/INFO]: Using 4 threads for Netty based IO
[20:42:38] [Server thread/INFO]: Default game type: SURVIVAL
[20:42:38] [Server thread/INFO]: Generating keypair
[20:42:38] [Server thread/INFO]: Starting Minecraft server on *:25565
[20:42:38] [Server thread/INFO]: Using default channel type
[20:42:39] [Server thread/INFO]: [ViaVersion] Loading ViaVersion v5.0.1
[20:42:39] [Server thread/INFO]: [ViaVersion] ViaVersion 5.0.1 is now loaded. Registering protocol transformers and injecting...
[20:42:40] [Via-Mappingloader-0/INFO]: [ViaVersion] Loading block connection mappings ...
[20:42:40] [Via-Mappingloader-0/INFO]: [ViaVersion] Using FastUtil Long2ObjectOpenHashMap for block connections
[20:42:41] [Server thread/INFO]: [ViaBackwards] Loading translations...
[20:42:41] [Server thread/INFO]: [ViaBackwards] Registering protocols...
[20:42:42] [Server thread/INFO]: [playit-gg] Loading playit-gg v0.1.4
[20:42:42] [Server thread/INFO]: [ViaBackwards] Loading ViaBackwards v5.0.1
[20:42:42] [Server thread/WARN]: **** SERVER IS RUNNING IN OFFLINE/INSECURE MODE!
[20:42:42] [Server thread/WARN]: The server will make no attempt to authenticate usernames. Beware.
[20:42:42] [Server thread/WARN]: While this makes the game possible to play without internet access, it also opens up the ability for hackers to connect with any username they choose.
[20:42:42] [Server thread/WARN]: To change this, set "online-mode" to "true" in the server.properties file.
[20:42:42] [Server thread/INFO]: Preparing level "world"
[20:42:42] [Server thread/INFO]: -------- World Settings For [world] --------
[20:42:42] [Server thread/INFO]: Item Despawn Rate: 6000
[20:42:42] [Server thread/INFO]: View Distance: 10
[20:42:42] [Server thread/INFO]: Simulation Distance: 10
[20:42:42] [Server thread/INFO]: Item Merge Radius: 2.5
[20:42:42] [Server thread/INFO]: Arrow Despawn Rate: 1200 Trident Respawn Rate:1200
[20:42:42] [Server thread/INFO]: Allow Zombie Pigmen to spawn from portal blocks: true
[20:42:42] [Server thread/INFO]: Nerfing mobs spawned from spawners: false
[20:42:42] [Server thread/INFO]: Zombie Aggressive Towards Villager: true
[20:42:42] [Server thread/INFO]: Max TNT Explosions: 100
[20:42:42] [Server thread/INFO]: Entity Activation Range: An 32 / Mo 32 / Ra 48 / Mi 16 / Tiv true / Isa false
[20:42:42] [Server thread/INFO]: Tile Max Tick Time: 50ms Entity max Tick Time: 50ms
[20:42:42] [Server thread/INFO]: Cactus Growth Modifier: 100%
[20:42:42] [Server thread/INFO]: Cane Growth Modifier: 100%
[20:42:42] [Server thread/INFO]: Melon Growth Modifier: 100%
[20:42:42] [Server thread/INFO]: Mushroom Growth Modifier: 100%
[20:42:42] [Server thread/INFO]: Pumpkin Growth Modifier: 100%
[20:42:42] [Server thread/INFO]: Sapling Growth Modifier: 100%
[20:42:42] [Server thread/INFO]: Beetroot Growth Modifier: 100%
[20:42:42] [Server thread/INFO]: Carrot Growth Modifier: 100%
[20:42:42] [Server thread/INFO]: Potato Growth Modifier: 100%
[20:42:42] [Server thread/INFO]: Wheat Growth Modifier: 100%
[20:42:42] [Server thread/INFO]: NetherWart Growth Modifier: 100%
[20:42:42] [Server thread/INFO]: Vine Growth Modifier: 100%
[20:42:42] [Server thread/INFO]: Cocoa Growth Modifier: 100%
[20:42:42] [Server thread/INFO]: Bamboo Growth Modifier: 100%
[20:42:42] [Server thread/INFO]: SweetBerry Growth Modifier: 100%
[20:42:42] [Server thread/INFO]: Kelp Growth Modifier: 100%
[20:42:42] [Server thread/INFO]: TwistingVines Growth Modifier: 100%
[20:42:42] [Server thread/INFO]: WeepingVines Growth Modifier: 100%
[20:42:42] [Server thread/INFO]: CaveVines Growth Modifier: 100%
[20:42:42] [Server thread/INFO]: Custom Map Seeds:  Village: 10387312 Desert: 14357617 Igloo: 14357618 Jungle: 14357619 Swamp: 14357620 Monument: 10387313 Ocean: 14357621 Shipwreck: 165745295 End City: 10387313 Slime: 987234911 Nether: 30084232 Mansion: 10387319 Fossil: 14357921 Portal: 34222645
[20:42:42] [Server thread/INFO]: Entity Tracking Range: Pl 48 / An 48 / Mo 48 / Mi 32 / Di 128 / Other 64
[20:42:42] [Server thread/INFO]: Mob Spawn Range: 6
[20:42:42] [Server thread/INFO]: Hopper Transfer: 8 Hopper Check: 1 Hopper Amount: 1 Hopper Can Load Chunks: false
[20:42:42] [Server thread/INFO]: Experience Merge Radius: 3.0
[20:42:43] [Server thread/INFO]: -------- World Settings For [world_nether] --------
[20:42:43] [Server thread/INFO]: Item Despawn Rate: 6000
[20:42:43] [Server thread/INFO]: View Distance: 10
[20:42:43] [Server thread/INFO]: Simulation Distance: 10
[20:42:43] [Server thread/INFO]: Item Merge Radius: 2.5
[20:42:43] [Server thread/INFO]: Arrow Despawn Rate: 1200 Trident Respawn Rate:1200
[20:42:43] [Server thread/INFO]: Allow Zombie Pigmen to spawn from portal blocks: true
[20:42:43] [Server thread/INFO]: Nerfing mobs spawned from spawners: false
[20:42:43] [Server thread/INFO]: Zombie Aggressive Towards Villager: true
[20:42:43] [Server thread/INFO]: Max TNT Explosions: 100
[20:42:43] [Server thread/INFO]: Entity Activation Range: An 32 / Mo 32 / Ra 48 / Mi 16 / Tiv true / Isa false
[20:42:43] [Server thread/INFO]: Tile Max Tick Time: 50ms Entity max Tick Time: 50ms
[20:42:43] [Server thread/INFO]: Cactus Growth Modifier: 100%
[20:42:43] [Server thread/INFO]: Cane Growth Modifier: 100%
[20:42:43] [Server thread/INFO]: Melon Growth Modifier: 100%
[20:42:43] [Server thread/INFO]: Mushroom Growth Modifier: 100%
[20:42:43] [Server thread/INFO]: Pumpkin Growth Modifier: 100%
[20:42:43] [Server thread/INFO]: Sapling Growth Modifier: 100%
[20:42:43] [Server thread/INFO]: Beetroot Growth Modifier: 100%
[20:42:43] [Server thread/INFO]: Carrot Growth Modifier: 100%
[20:42:43] [Server thread/INFO]: Potato Growth Modifier: 100%
[20:42:43] [Server thread/INFO]: Wheat Growth Modifier: 100%
[20:42:43] [Server thread/INFO]: NetherWart Growth Modifier: 100%
[20:42:43] [Server thread/INFO]: Vine Growth Modifier: 100%
[20:42:43] [Server thread/INFO]: Cocoa Growth Modifier: 100%
[20:42:43] [Server thread/INFO]: Bamboo Growth Modifier: 100%
[20:42:43] [Server thread/INFO]: SweetBerry Growth Modifier: 100%
[20:42:43] [Server thread/INFO]: Kelp Growth Modifier: 100%
[20:42:43] [Server thread/INFO]: TwistingVines Growth Modifier: 100%
[20:42:43] [Server thread/INFO]: WeepingVines Growth Modifier: 100%
[20:42:43] [Server thread/INFO]: CaveVines Growth Modifier: 100%
[20:42:43] [Server thread/INFO]: Custom Map Seeds:  Village: 10387312 Desert: 14357617 Igloo: 14357618 Jungle: 14357619 Swamp: 14357620 Monument: 10387313 Ocean: 14357621 Shipwreck: 165745295 End City: 10387313 Slime: 987234911 Nether: 30084232 Mansion: 10387319 Fossil: 14357921 Portal: 34222645
[20:42:43] [Server thread/INFO]: Entity Tracking Range: Pl 48 / An 48 / Mo 48 / Mi 32 / Di 128 / Other 64
[20:42:43] [Server thread/INFO]: Mob Spawn Range: 6
[20:42:43] [Server thread/INFO]: Hopper Transfer: 8 Hopper Check: 1 Hopper Amount: 1 Hopper Can Load Chunks: false
[20:42:43] [Server thread/INFO]: Experience Merge Radius: 3.0
[20:42:43] [Server thread/INFO]: -------- World Settings For [world_the_end] --------
[20:42:43] [Server thread/INFO]: Item Despawn Rate: 6000
[20:42:43] [Server thread/INFO]: View Distance: 10
[20:42:43] [Server thread/INFO]: Simulation Distance: 10
[20:42:43] [Server thread/INFO]: Item Merge Radius: 2.5
[20:42:43] [Server thread/INFO]: Arrow Despawn Rate: 1200 Trident Respawn Rate:1200
[20:42:43] [Server thread/INFO]: Allow Zombie Pigmen to spawn from portal blocks: true
[20:42:43] [Server thread/INFO]: Nerfing mobs spawned from spawners: false
[20:42:43] [Server thread/INFO]: Zombie Aggressive Towards Villager: true
[20:42:43] [Server thread/INFO]: Max TNT Explosions: 100
[20:42:43] [Server thread/INFO]: Entity Activation Range: An 32 / Mo 32 / Ra 48 / Mi 16 / Tiv true / Isa false
[20:42:43] [Server thread/INFO]: Tile Max Tick Time: 50ms Entity max Tick Time: 50ms
[20:42:43] [Server thread/INFO]: Cactus Growth Modifier: 100%
[20:42:43] [Server thread/INFO]: Cane Growth Modifier: 100%
[20:42:43] [Server thread/INFO]: Melon Growth Modifier: 100%
[20:42:43] [Server thread/INFO]: Mushroom Growth Modifier: 100%
[20:42:43] [Server thread/INFO]: Pumpkin Growth Modifier: 100%
[20:42:43] [Server thread/INFO]: Sapling Growth Modifier: 100%
[20:42:43] [Server thread/INFO]: Beetroot Growth Modifier: 100%
[20:42:43] [Server thread/INFO]: Carrot Growth Modifier: 100%
[20:42:43] [Server thread/INFO]: Potato Growth Modifier: 100%
[20:42:43] [Server thread/INFO]: Wheat Growth Modifier: 100%
[20:42:43] [Server thread/INFO]: NetherWart Growth Modifier: 100%
[20:42:43] [Server thread/INFO]: Vine Growth Modifier: 100%
[20:42:43] [Server thread/INFO]: Cocoa Growth Modifier: 100%
[20:42:43] [Server thread/INFO]: Bamboo Growth Modifier: 100%
[20:42:43] [Server thread/INFO]: SweetBerry Growth Modifier: 100%
[20:42:43] [Server thread/INFO]: Kelp Growth Modifier: 100%
[20:42:43] [Server thread/INFO]: TwistingVines Growth Modifier: 100%
[20:42:43] [Server thread/INFO]: WeepingVines Growth Modifier: 100%
[20:42:43] [Server thread/INFO]: CaveVines Growth Modifier: 100%
[20:42:43] [Server thread/INFO]: Custom Map Seeds:  Village: 10387312 Desert: 14357617 Igloo: 14357618 Jungle: 14357619 Swamp: 14357620 Monument: 10387313 Ocean: 14357621 Shipwreck: 165745295 End City: 10387313 Slime: 987234911 Nether: 30084232 Mansion: 10387319 Fossil: 14357921 Portal: 34222645
[20:42:43] [Server thread/INFO]: Entity Tracking Range: Pl 48 / An 48 / Mo 48 / Mi 32 / Di 128 / Other 64
[20:42:43] [Server thread/INFO]: Mob Spawn Range: 6
[20:42:43] [Server thread/INFO]: Hopper Transfer: 8 Hopper Check: 1 Hopper Amount: 1 Hopper Can Load Chunks: false
[20:42:43] [Server thread/INFO]: Experience Merge Radius: 3.0
[20:42:43] [Server thread/INFO]: Preparing start region for dimension minecraft:overworld
[20:42:44] [Worker-Main-3/INFO]: Preparing spawn area: 0%
[20:42:44] [Server thread/INFO]: Time elapsed: 738 ms
[20:42:44] [Server thread/INFO]: Preparing start region for dimension minecraft:the_nether
[20:42:44] [Worker-Main-5/INFO]: Preparing spawn area: 0%
[20:42:44] [Server thread/INFO]: Time elapsed: 182 ms
[20:42:44] [Server thread/INFO]: Preparing start region for dimension minecraft:the_end
[20:42:45] [Worker-Main-6/INFO]: Preparing spawn area: 0%
[20:42:45] [Worker-Main-3/INFO]: Preparing spawn area: 51%
[20:42:45] [Server thread/INFO]: Time elapsed: 963 ms
[20:42:45] [Server thread/INFO]: [ViaVersion] Enabling ViaVersion v5.0.1
[20:42:45] [Server thread/INFO]: [ViaVersion] ViaVersion detected server version: 1.21 (767)
[20:42:46] [Server thread/INFO]: [playit-gg] Enabling playit-gg v0.1.4
[20:42:47] [Server thread/INFO]: [ViaBackwards] Enabling ViaBackwards v5.0.1
[20:42:47] [Server thread/INFO]: Server permissions file permissions.yml is empty, ignoring it
[20:42:47] [Server thread/INFO]: Done (4.688s)! For help, type "help"
[20:42:47] [Craft Scheduler Thread - 1/INFO]: [ViaVersion] Finished mapping loading, shutting down loader executor!
[20:42:50] [Thread-7/INFO]: secret key not set, generate claim code: c65f64f21aca47ee
[20:42:50] [Thread-7/INFO]: trying to exchange claim code for secret
[20:42:51] [Thread-7/INFO]: failed to exchange, to claim visit: https://playit.gg/mc/c65f64f21aca47ee
[20:42:54] [Thread-7/INFO]: trying to exchange claim code for secret
[20:42:55] [Thread-7/INFO]: failed to exchange, to claim visit: https://playit.gg/mc/c65f64f21aca47ee
[20:42:58] [Thread-7/INFO]: trying to exchange claim code for secret
[20:42:59] [Thread-7/INFO]: failed to exchange, to claim visit: https://playit.gg/mc/c65f64f21aca47ee
[20:43:02] [Thread-7/INFO]: trying to exchange claim code for secret
[20:43:02] [Thread-7/INFO]: failed to exchange, to claim visit: https://playit.gg/mc/c65f64f21aca47ee
[20:43:05] [Thread-7/INFO]: trying to exchange claim code for secret
[20:43:05] [Thread-7/INFO]: failed to exchange, to claim visit: https://playit.gg/mc/c65f64f21aca47ee
[20:43:08] [Thread-7/INFO]: trying to exchange claim code for secret
[20:43:09] [Thread-7/INFO]: failed to exchange, to claim visit: https://playit.gg/mc/c65f64f21aca47ee
[20:43:12] [Thread-7/INFO]: trying to exchange claim code for secret
[20:43:13] [Thread-7/INFO]: failed to exchange, to claim visit: https://playit.gg/mc/c65f64f21aca47ee
[20:43:16] [Thread-7/INFO]: trying to exchange claim code for secret
[20:43:16] [Thread-7/INFO]: failed to exchange, to claim visit: https://playit.gg/mc/c65f64f21aca47ee
[20:43:19] [Thread-7/INFO]: trying to exchange claim code for secret
[20:43:19] [Thread-7/INFO]: failed to exchange, to claim visit: https://playit.gg/mc/c65f64f21aca47ee
[20:43:22] [Thread-7/INFO]: trying to exchange claim code for secret
[20:43:23] [Thread-7/INFO]: failed to exchange, to claim visit: https://playit.gg/mc/c65f64f21aca47ee
[20:43:26] [Thread-7/INFO]: trying to exchange claim code for secret
[20:43:26] [Thread-7/INFO]: failed to exchange, to claim visit: https://playit.gg/mc/c65f64f21aca47ee
[20:43:29] [Thread-7/INFO]: trying to exchange claim code for secret
[20:43:29] [Thread-7/INFO]: failed to exchange, to claim visit: https://playit.gg/mc/c65f64f21aca47ee
[20:43:32] [Thread-7/INFO]: trying to exchange claim code for secret
[20:43:33] [Thread-7/INFO]: failed to exchange, to claim visit: https://playit.gg/mc/c65f64f21aca47ee
[20:43:36] [Thread-7/INFO]: trying to exchange claim code for secret
[20:43:36] [Thread-7/INFO]: failed to exchange, to claim visit: https://playit.gg/mc/c65f64f21aca47ee
[20:43:39] [Thread-7/INFO]: trying to exchange claim code for secret
[20:43:39] [Thread-7/INFO]: failed to exchange, to claim visit: https://playit.gg/mc/c65f64f21aca47ee
[20:43:42] [Thread-7/INFO]: trying to exchange claim code for secret
[20:43:42] [Thread-7/INFO]: failed to exchange, to claim visit: https://playit.gg/mc/c65f64f21aca47ee
[20:43:45] [Thread-7/INFO]: trying to exchange claim code for secret
[20:43:46] [Thread-7/INFO]: failed to exchange, to claim visit: https://playit.gg/mc/c65f64f21aca47ee
[20:43:49] [Thread-7/INFO]: trying to exchange claim code for secret
[20:43:49] [Thread-7/INFO]: failed to exchange, to claim visit: https://playit.gg/mc/c65f64f21aca47ee
[20:43:52] [Thread-7/INFO]: trying to exchange claim code for secret
[20:43:52] [Thread-7/INFO]: failed to exchange, to claim visit: https://playit.gg/mc/c65f64f21aca47ee
[20:43:55] [Thread-7/INFO]: trying to exchange claim code for secret
[20:43:56] [Thread-7/INFO]: failed to exchange, to claim visit: https://playit.gg/mc/c65f64f21aca47ee
[20:43:59] [Thread-7/INFO]: trying to exchange claim code for secret
[20:43:59] [Thread-7/INFO]: failed to exchange, to claim visit: https://playit.gg/mc/c65f64f21aca47ee
[20:44:02] [Thread-7/INFO]: trying to exchange claim code for secret
[20:44:02] [Thread-7/INFO]: failed to exchange, to claim visit: https://playit.gg/mc/c65f64f21aca47ee
[20:44:05] [Thread-7/INFO]: trying to exchange claim code for secret
[20:44:06] [Thread-7/INFO]: failed to exchange, to claim visit: https://playit.gg/mc/c65f64f21aca47ee
[20:44:09] [Thread-7/INFO]: trying to exchange claim code for secret
[20:44:09] [Thread-7/INFO]: failed to exchange, to claim visit: https://playit.gg/mc/c65f64f21aca47ee
[20:44:12] [Thread-7/INFO]: trying to exchange claim code for secret
[20:44:12] [Thread-7/INFO]: failed to exchange, to claim visit: https://playit.gg/mc/c65f64f21aca47ee
[20:44:15] [Thread-7/INFO]: trying to exchange claim code for secret
[20:44:16] [Thread-7/INFO]: failed to exchange, to claim visit: https://playit.gg/mc/c65f64f21aca47ee
[20:44:19] [Thread-7/INFO]: trying to exchange claim code for secret
[20:44:19] [Thread-7/INFO]: failed to exchange, to claim visit: https://playit.gg/mc/c65f64f21aca47ee
[20:44:22] [Thread-7/INFO]: trying to exchange claim code for secret
[20:44:22] [Thread-7/INFO]: failed to exchange, to claim visit: https://playit.gg/mc/c65f64f21aca47ee
[20:44:25] [Thread-7/INFO]: trying to exchange claim code for secret
[20:44:25] [Thread-7/INFO]: failed to exchange, to claim visit: https://playit.gg/mc/c65f64f21aca47ee
[20:44:28] [Thread-7/INFO]: trying to exchange claim code for secret
[20:44:29] [Thread-7/INFO]: failed to exchange, to claim visit: https://playit.gg/mc/c65f64f21aca47ee
[20:44:32] [Thread-7/INFO]: trying to exchange claim code for secret
[20:44:32] [Thread-7/INFO]: failed to exchange, to claim visit: https://playit.gg/mc/c65f64f21aca47ee
[20:44:35] [Thread-7/INFO]: trying to exchange claim code for secret
[20:44:35] [Thread-7/INFO]: failed to exchange, to claim visit: https://playit.gg/mc/c65f64f21aca47ee
[20:44:38] [Thread-7/INFO]: trying to exchange claim code for secret
[20:44:39] [Thread-7/INFO]: failed to exchange, to claim visit: https://playit.gg/mc/c65f64f21aca47ee
[20:44:42] [Thread-7/INFO]: trying to exchange claim code for secret
[20:44:42] [Thread-7/INFO]: failed to exchange, to claim visit: https://playit.gg/mc/c65f64f21aca47ee
[20:44:45] [Thread-7/INFO]: trying to exchange claim code for secret
[20:44:45] [Thread-7/INFO]: failed to exchange, to claim visit: https://playit.gg/mc/c65f64f21aca47ee
[20:44:48] [Thread-7/INFO]: trying to exchange claim code for secret
[20:44:49] [Thread-7/INFO]: failed to exchange, to claim visit: https://playit.gg/mc/c65f64f21aca47ee
[20:44:52] [Thread-7/INFO]: trying to exchange claim code for secret
[20:44:52] [Thread-7/INFO]: failed to exchange, to claim visit: https://playit.gg/mc/c65f64f21aca47ee
[20:44:55] [Thread-7/INFO]: trying to exchange claim code for secret
[20:44:55] [Thread-7/INFO]: failed to exchange, to claim visit: https://playit.gg/mc/c65f64f21aca47ee
[20:44:58] [Thread-7/INFO]: trying to exchange claim code for secret
[20:44:59] [Thread-7/INFO]: failed to exchange, to claim visit: https://playit.gg/mc/c65f64f21aca47ee
[20:45:02] [Thread-7/INFO]: trying to exchange claim code for secret
[20:45:02] [Thread-7/INFO]: failed to exchange, to claim visit: https://playit.gg/mc/c65f64f21aca47ee
[20:45:05] [Thread-7/INFO]: trying to exchange claim code for secret
[20:45:05] [Thread-7/INFO]: failed to exchange, to claim visit: https://playit.gg/mc/c65f64f21aca47ee
[20:45:08] [Thread-7/INFO]: trying to exchange claim code for secret
[20:45:09] [Thread-7/INFO]: failed to exchange, to claim visit: https://playit.gg/mc/c65f64f21aca47ee
[20:45:12] [Thread-7/INFO]: trying to exchange claim code for secret
[20:45:12] [Thread-7/INFO]: failed to exchange, to claim visit: https://playit.gg/mc/c65f64f21aca47ee
[20:45:15] [Thread-7/INFO]: trying to exchange claim code for secret
[20:45:16] [Thread-7/INFO]: failed to exchange, to claim visit: https://playit.gg/mc/c65f64f21aca47ee
[20:45:19] [Thread-7/INFO]: trying to exchange claim code for secret
[20:45:19] [Thread-7/INFO]: failed to exchange, to claim visit: https://playit.gg/mc/c65f64f21aca47ee
[20:45:22] [Thread-7/INFO]: trying to exchange claim code for secret
[20:45:22] [Thread-7/INFO]: failed to exchange, to claim visit: https://playit.gg/mc/c65f64f21aca47ee
[20:45:25] [Thread-7/INFO]: trying to exchange claim code for secret
[20:45:26] [Thread-7/INFO]: failed to exchange, to claim visit: https://playit.gg/mc/c65f64f21aca47ee
[20:45:29] [Thread-7/INFO]: trying to exchange claim code for secret
[20:45:29] [Thread-7/INFO]: failed to exchange, to claim visit: https://playit.gg/mc/c65f64f21aca47ee
[20:45:32] [Thread-7/INFO]: trying to exchange claim code for secret
[20:45:32] [Thread-7/INFO]: failed to exchange, to claim visit: https://playit.gg/mc/c65f64f21aca47ee
[20:45:35] [Thread-7/INFO]: trying to exchange claim code for secret
[20:45:36] [Thread-7/INFO]: failed to exchange, to claim visit: https://playit.gg/mc/c65f64f21aca47ee
[20:45:39] [Thread-7/INFO]: trying to exchange claim code for secret
[20:45:39] [Thread-7/INFO]: failed to exchange, to claim visit: https://playit.gg/mc/c65f64f21aca47ee
[20:45:42] [Thread-7/INFO]: trying to exchange claim code for secret
[20:45:42] [Thread-7/INFO]: failed to exchange, to claim visit: https://playit.gg/mc/c65f64f21aca47ee
[20:45:45] [Thread-7/INFO]: trying to exchange claim code for secret
[20:45:46] [Thread-7/INFO]: failed to exchange, to claim visit: https://playit.gg/mc/c65f64f21aca47ee
[20:45:49] [Thread-7/INFO]: trying to exchange claim code for secret
[20:45:49] [Thread-7/INFO]: failed to exchange, to claim visit: https://playit.gg/mc/c65f64f21aca47ee
[20:45:52] [Thread-7/INFO]: trying to exchange claim code for secret
[20:45:52] [Thread-7/INFO]: failed to exchange, to claim visit: https://playit.gg/mc/c65f64f21aca47ee
[20:45:55] [Thread-7/INFO]: trying to exchange claim code for secret
[20:45:56] [Thread-7/INFO]: failed to exchange, to claim visit: https://playit.gg/mc/c65f64f21aca47ee
[20:45:59] [Thread-7/INFO]: trying to exchange claim code for secret
[20:45:59] [Thread-7/INFO]: failed to exchange, to claim visit: https://playit.gg/mc/c65f64f21aca47ee
[20:46:02] [Thread-7/INFO]: trying to exchange claim code for secret
[20:46:02] [Thread-7/INFO]: failed to exchange, to claim visit: https://playit.gg/mc/c65f64f21aca47ee
[20:46:05] [Thread-7/INFO]: trying to exchange claim code for secret
[20:46:06] [Thread-7/INFO]: failed to exchange, to claim visit: https://playit.gg/mc/c65f64f21aca47ee
[20:46:09] [Thread-7/INFO]: trying to exchange claim code for secret
[20:46:09] [Thread-7/INFO]: failed to exchange, to claim visit: https://playit.gg/mc/c65f64f21aca47ee
[20:46:12] [Thread-7/INFO]: trying to exchange claim code for secret
[20:46:12] [Thread-7/INFO]: failed to exchange, to claim visit: https://playit.gg/mc/c65f64f21aca47ee
[20:46:15] [Thread-7/INFO]: trying to exchange claim code for secret
[20:46:15] [Thread-7/INFO]: failed to exchange, to claim visit: https://playit.gg/mc/c65f64f21aca47ee
[20:46:18] [Thread-7/INFO]: trying to exchange claim code for secret
[20:46:19] [Thread-7/INFO]: failed to exchange, to claim visit: https://playit.gg/mc/c65f64f21aca47ee
[20:46:22] [Thread-7/INFO]: trying to exchange claim code for secret
[20:46:22] [Thread-7/INFO]: failed to exchange, to claim visit: https://playit.gg/mc/c65f64f21aca47ee
[20:46:25] [Thread-7/INFO]: trying to exchange claim code for secret
[20:46:25] [Thread-7/INFO]: failed to exchange, to claim visit: https://playit.gg/mc/c65f64f21aca47ee
[20:46:28] [Thread-7/INFO]: trying to exchange claim code for secret
[20:46:29] [Thread-7/INFO]: failed to exchange, to claim visit: https://playit.gg/mc/c65f64f21aca47ee
[20:46:32] [Thread-7/INFO]: trying to exchange claim code for secret
[20:46:32] [Thread-7/INFO]: failed to exchange, to claim visit: https://playit.gg/mc/c65f64f21aca47ee
[20:46:35] [Thread-7/INFO]: trying to exchange claim code for secret
[20:46:35] [Thread-7/INFO]: failed to exchange, to claim visit: https://playit.gg/mc/c65f64f21aca47ee
[20:46:38] [Thread-7/INFO]: trying to exchange claim code for secret
[20:46:39] [Thread-7/INFO]: failed to exchange, to claim visit: https://playit.gg/mc/c65f64f21aca47ee
[20:46:42] [Thread-7/INFO]: trying to exchange claim code for secret
[20:46:42] [Thread-7/INFO]: failed to exchange, to claim visit: https://playit.gg/mc/c65f64f21aca47ee
[20:46:45] [Thread-7/INFO]: trying to exchange claim code for secret
[20:46:45] [Thread-7/INFO]: failed to exchange, to claim visit: https://playit.gg/mc/c65f64f21aca47ee
[20:46:48] [Thread-7/INFO]: trying to exchange claim code for secret
[20:46:49] [Thread-7/INFO]: failed to exchange, to claim visit: https://playit.gg/mc/c65f64f21aca47ee
[20:46:52] [Thread-7/INFO]: trying to exchange claim code for secret
[20:46:52] [Thread-7/INFO]: failed to exchange, to claim visit: https://playit.gg/mc/c65f64f21aca47ee
[20:46:55] [Thread-7/INFO]: trying to exchange claim code for secret
[20:46:56] [Thread-7/INFO]: failed to exchange, to claim visit: https://playit.gg/mc/c65f64f21aca47ee
[20:46:59] [Thread-7/INFO]: trying to exchange claim code for secret
[20:46:59] [Thread-7/INFO]: failed to exchange, to claim visit: https://playit.gg/mc/c65f64f21aca47ee
[20:47:02] [Thread-7/INFO]: trying to exchange claim code for secret
[20:47:03] [Thread-7/INFO]: failed to exchange, to claim visit: https://playit.gg/mc/c65f64f21aca47ee
[20:47:06] [Thread-7/INFO]: trying to exchange claim code for secret
[20:47:06] [Thread-7/INFO]: failed to exchange, to claim visit: https://playit.gg/mc/c65f64f21aca47ee
[20:47:09] [Thread-7/INFO]: trying to exchange claim code for secret
[20:47:09] [Thread-7/INFO]: failed to exchange, to claim visit: https://playit.gg/mc/c65f64f21aca47ee
[20:47:12] [Thread-7/INFO]: trying to exchange claim code for secret
[20:47:13] [Thread-7/INFO]: failed to exchange, to claim visit: https://playit.gg/mc/c65f64f21aca47ee
[20:47:16] [Thread-7/INFO]: trying to exchange claim code for secret
[20:47:16] [Thread-7/INFO]: failed to exchange, to claim visit: https://playit.gg/mc/c65f64f21aca47ee
[20:47:19] [Thread-7/INFO]: trying to exchange claim code for secret
[20:47:20] [Thread-7/INFO]: failed to exchange, to claim visit: https://playit.gg/mc/c65f64f21aca47ee
[20:47:23] [Thread-7/INFO]: trying to exchange claim code for secret
[20:47:23] [Thread-7/INFO]: failed to exchange, to claim visit: https://playit.gg/mc/c65f64f21aca47ee
[20:47:26] [Thread-7/INFO]: trying to exchange claim code for secret
[20:47:26] [Thread-7/INFO]: failed to exchange, to claim visit: https://playit.gg/mc/c65f64f21aca47ee
[20:47:29] [Thread-7/INFO]: trying to exchange claim code for secret
[20:47:29] [Thread-7/INFO]: failed to exchange, to claim visit: https://playit.gg/mc/c65f64f21aca47ee
[20:47:32] [Thread-7/INFO]: trying to exchange claim code for secret
[20:47:33] [Thread-7/INFO]: failed to exchange, to claim visit: https://playit.gg/mc/c65f64f21aca47ee
[20:47:36] [Thread-7/INFO]: trying to exchange claim code for secret
[20:47:37] [Thread-7/INFO]: failed to exchange, to claim visit: https://playit.gg/mc/c65f64f21aca47ee
[20:47:40] [Thread-7/INFO]: trying to exchange claim code for secret
[20:47:40] [Thread-7/INFO]: failed to exchange, to claim visit: https://playit.gg/mc/c65f64f21aca47ee
[20:47:43] [Thread-7/INFO]: trying to exchange claim code for secret
[20:47:43] [Thread-7/INFO]: failed to exchange, to claim visit: https://playit.gg/mc/c65f64f21aca47ee
[20:47:46] [Thread-7/INFO]: trying to exchange claim code for secret
[20:47:47] [Thread-7/INFO]: failed to exchange, to claim visit: https://playit.gg/mc/c65f64f21aca47ee
[20:47:50] [Thread-7/INFO]: trying to exchange claim code for secret
[20:47:50] [Thread-7/INFO]: failed to exchange, to claim visit: https://playit.gg/mc/c65f64f21aca47ee
[20:47:53] [Thread-7/INFO]: trying to exchange claim code for secret
[20:47:54] [Thread-7/INFO]: failed to exchange, to claim visit: https://playit.gg/mc/c65f64f21aca47ee
[20:47:57] [Thread-7/INFO]: trying to exchange claim code for secret
[20:47:57] [Thread-7/INFO]: failed to exchange, to claim visit: https://playit.gg/mc/c65f64f21aca47ee
[20:48:00] [Thread-7/INFO]: trying to exchange claim code for secret
[20:48:00] [Thread-7/INFO]: failed to exchange, to claim visit: https://playit.gg/mc/c65f64f21aca47ee
[20:48:03] [Thread-7/INFO]: trying to exchange claim code for secret
[20:48:03] [Thread-7/INFO]: failed to exchange, to claim visit: https://playit.gg/mc/c65f64f21aca47ee
[20:48:06] [Thread-7/INFO]: trying to exchange claim code for secret
[20:48:07] [Thread-7/INFO]: failed to exchange, to claim visit: https://playit.gg/mc/c65f64f21aca47ee
[20:48:10] [Thread-7/INFO]: trying to exchange claim code for secret
[20:48:10] [Thread-7/INFO]: failed to exchange, to claim visit: https://playit.gg/mc/c65f64f21aca47ee
[20:48:13] [Thread-7/INFO]: trying to exchange claim code for secret
[20:48:13] [Thread-7/INFO]: failed to exchange, to claim visit: https://playit.gg/mc/c65f64f21aca47ee
[20:48:16] [Thread-7/INFO]: trying to exchange claim code for secret
[20:48:17] [Thread-7/INFO]: failed to exchange, to claim visit: https://playit.gg/mc/c65f64f21aca47ee
[20:48:20] [Thread-7/INFO]: trying to exchange claim code for secret
[20:48:21] [Thread-7/INFO]: failed to exchange, to claim visit: https://playit.gg/mc/c65f64f21aca47ee
[20:48:24] [Thread-7/INFO]: trying to exchange claim code for secret
[20:48:24] [Thread-7/INFO]: failed to exchange, to claim visit: https://playit.gg/mc/c65f64f21aca47ee
[20:48:27] [Thread-7/INFO]: trying to exchange claim code for secret
[20:48:27] [Thread-7/INFO]: failed to exchange, to claim visit: https://playit.gg/mc/c65f64f21aca47ee
[20:48:30] [Thread-7/INFO]: trying to exchange claim code for secret
[20:48:30] [Thread-7/INFO]: failed to exchange, to claim visit: https://playit.gg/mc/c65f64f21aca47ee
[20:48:34] [Thread-7/INFO]: trying to exchange claim code for secret
[20:48:34] [Thread-7/INFO]: failed to exchange, to claim visit: https://playit.gg/mc/c65f64f21aca47ee
[20:48:37] [Thread-7/INFO]: trying to exchange claim code for secret
[20:48:37] [Thread-7/INFO]: failed to exchange, to claim visit: https://playit.gg/mc/c65f64f21aca47ee
[20:48:40] [Thread-7/INFO]: trying to exchange claim code for secret
[20:48:41] [Thread-7/INFO]: failed to exchange, to claim visit: https://playit.gg/mc/c65f64f21aca47ee
[20:48:44] [Thread-7/INFO]: trying to exchange claim code for secret
[20:48:44] [Thread-7/INFO]: failed to exchange, to claim visit: https://playit.gg/mc/c65f64f21aca47ee
[20:48:47] [Thread-7/INFO]: trying to exchange claim code for secret
[20:48:48] [Thread-7/INFO]: failed to exchange, to claim visit: https://playit.gg/mc/c65f64f21aca47ee
[20:48:51] [Thread-7/INFO]: trying to exchange claim code for secret
[20:48:51] [Thread-7/INFO]: failed to exchange, to claim visit: https://playit.gg/mc/c65f64f21aca47ee
[20:48:54] [Thread-7/INFO]: trying to exchange claim code for secret
[20:48:54] [Thread-7/INFO]: failed to exchange, to claim visit: https://playit.gg/mc/c65f64f21aca47ee
[20:48:57] [Thread-7/INFO]: trying to exchange claim code for secret
[20:48:58] [Thread-7/INFO]: failed to exchange, to claim visit: https://playit.gg/mc/c65f64f21aca47ee
[20:49:01] [Thread-7/INFO]: trying to exchange claim code for secret
[20:49:01] [Thread-7/INFO]: failed to exchange, to claim visit: https://playit.gg/mc/c65f64f21aca47ee
[20:49:04] [Thread-7/INFO]: trying to exchange claim code for secret
[20:49:05] [Thread-7/INFO]: failed to exchange, to claim visit: https://playit.gg/mc/c65f64f21aca47ee
[20:49:08] [Thread-7/INFO]: trying to exchange claim code for secret
[20:49:08] [Thread-7/INFO]: failed to exchange, to claim visit: https://playit.gg/mc/c65f64f21aca47ee
[20:49:11] [Thread-7/INFO]: trying to exchange claim code for secret
[20:49:12] [Thread-7/INFO]: failed to exchange, to claim visit: https://playit.gg/mc/c65f64f21aca47ee
[20:49:15] [Thread-7/INFO]: trying to exchange claim code for secret
[20:49:16] [Thread-7/INFO]: failed to exchange, to claim visit: https://playit.gg/mc/c65f64f21aca47ee
[20:49:19] [Thread-7/INFO]: trying to exchange claim code for secret
[20:49:19] [Thread-7/INFO]: failed to exchange, to claim visit: https://playit.gg/mc/c65f64f21aca47ee
[20:49:22] [Thread-7/INFO]: trying to exchange claim code for secret
[20:49:22] [Thread-7/INFO]: failed to exchange, to claim visit: https://playit.gg/mc/c65f64f21aca47ee
[20:49:25] [Thread-7/INFO]: trying to exchange claim code for secret
[20:49:25] [Thread-7/INFO]: failed to exchange, to claim visit: https://playit.gg/mc/c65f64f21aca47ee
[20:49:28] [Thread-7/INFO]: trying to exchange claim code for secret
[20:49:29] [Thread-7/INFO]: failed to exchange, to claim visit: https://playit.gg/mc/c65f64f21aca47ee
[20:49:32] [Thread-7/INFO]: trying to exchange claim code for secret
[20:49:32] [Thread-7/INFO]: failed to exchange, to claim visit: https://playit.gg/mc/c65f64f21aca47ee
[20:49:35] [Thread-7/INFO]: trying to exchange claim code for secret
[20:49:35] [Thread-7/INFO]: failed to exchange, to claim visit: https://playit.gg/mc/c65f64f21aca47ee
[20:49:38] [Thread-7/INFO]: trying to exchange claim code for secret
[20:49:39] [Thread-7/INFO]: failed to exchange, to claim visit: https://playit.gg/mc/c65f64f21aca47ee
[20:49:42] [Thread-7/INFO]: trying to exchange claim code for secret
[20:49:42] [Thread-7/INFO]: failed to exchange, to claim visit: https://playit.gg/mc/c65f64f21aca47ee
[20:49:45] [Thread-7/INFO]: trying to exchange claim code for secret
[20:49:45] [Thread-7/INFO]: failed to exchange, to claim visit: https://playit.gg/mc/c65f64f21aca47ee
[20:49:48] [Thread-7/INFO]: trying to exchange claim code for secret
[20:49:49] [Thread-7/INFO]: failed to exchange, to claim visit: https://playit.gg/mc/c65f64f21aca47ee
[20:49:52] [Thread-7/INFO]: trying to exchange claim code for secret
[20:49:52] [Thread-7/INFO]: failed to exchange, to claim visit: https://playit.gg/mc/c65f64f21aca47ee
[20:49:55] [Thread-7/INFO]: trying to exchange claim code for secret
[20:49:56] [Thread-7/INFO]: failed to exchange, to claim visit: https://playit.gg/mc/c65f64f21aca47ee
[20:49:59] [Thread-7/INFO]: trying to exchange claim code for secret
[20:49:59] [Thread-7/INFO]: failed to exchange, to claim visit: https://playit.gg/mc/c65f64f21aca47ee
[20:50:02] [Thread-7/INFO]: trying to exchange claim code for secret
[20:50:02] [Thread-7/INFO]: failed to exchange, to claim visit: https://playit.gg/mc/c65f64f21aca47ee
[20:50:05] [Thread-7/INFO]: trying to exchange claim code for secret
[20:50:06] [Thread-7/INFO]: failed to exchange, to claim visit: https://playit.gg/mc/c65f64f21aca47ee
[20:50:09] [Thread-7/INFO]: trying to exchange claim code for secret
[20:50:09] [Thread-7/INFO]: failed to exchange, to claim visit: https://playit.gg/mc/c65f64f21aca47ee
[20:50:12] [Thread-7/INFO]: trying to exchange claim code for secret
[20:50:12] [Thread-7/INFO]: failed to exchange, to claim visit: https://playit.gg/mc/c65f64f21aca47ee
[20:50:15] [Thread-7/INFO]: trying to exchange claim code for secret
[20:50:16] [Thread-7/INFO]: failed to exchange, to claim visit: https://playit.gg/mc/c65f64f21aca47ee
[20:50:19] [Thread-7/INFO]: trying to exchange claim code for secret
[20:50:19] [Thread-7/INFO]: failed to exchange, to claim visit: https://playit.gg/mc/c65f64f21aca47ee
[20:50:22] [Thread-7/INFO]: trying to exchange claim code for secret
[20:50:22] [Thread-7/INFO]: failed to exchange, to claim visit: https://playit.gg/mc/c65f64f21aca47ee
[20:50:25] [Thread-7/INFO]: trying to exchange claim code for secret
[20:50:26] [Thread-7/INFO]: failed to exchange, to claim visit: https://playit.gg/mc/c65f64f21aca47ee
[20:50:29] [Thread-7/INFO]: trying to exchange claim code for secret
[20:50:29] [Thread-7/INFO]: failed to exchange, to claim visit: https://playit.gg/mc/c65f64f21aca47ee
[20:50:32] [Thread-7/INFO]: trying to exchange claim code for secret
[20:50:33] [Thread-7/INFO]: failed to exchange, to claim visit: https://playit.gg/mc/c65f64f21aca47ee
[20:50:36] [Thread-7/INFO]: trying to exchange claim code for secret
[20:50:36] [Thread-7/INFO]: failed to exchange, to claim visit: https://playit.gg/mc/c65f64f21aca47ee
[20:50:39] [Thread-7/INFO]: trying to exchange claim code for secret
[20:50:39] [Thread-7/INFO]: failed to exchange, to claim visit: https://playit.gg/mc/c65f64f21aca47ee
[20:50:42] [Thread-7/INFO]: trying to exchange claim code for secret
[20:50:43] [Thread-7/INFO]: failed to exchange, to claim visit: https://playit.gg/mc/c65f64f21aca47ee
[20:50:46] [Thread-7/INFO]: trying to exchange claim code for secret
[20:50:46] [Thread-7/INFO]: failed to exchange, to claim visit: https://playit.gg/mc/c65f64f21aca47ee
[20:50:49] [Thread-7/INFO]: trying to exchange claim code for secret
[20:50:49] [Thread-7/INFO]: failed to exchange, to claim visit: https://playit.gg/mc/c65f64f21aca47ee
[20:50:52] [Thread-7/INFO]: trying to exchange claim code for secret
[20:50:53] [Thread-7/INFO]: failed to exchange, to claim visit: https://playit.gg/mc/c65f64f21aca47ee
[20:50:56] [Thread-7/INFO]: trying to exchange claim code for secret
[20:50:56] [Thread-7/INFO]: failed to exchange, to claim visit: https://playit.gg/mc/c65f64f21aca47ee
[20:50:59] [Thread-7/INFO]: trying to exchange claim code for secret
[20:50:59] [Thread-7/INFO]: failed to exchange, to claim visit: https://playit.gg/mc/c65f64f21aca47ee
[20:51:02] [Thread-7/INFO]: trying to exchange claim code for secret
[20:51:03] [Thread-7/INFO]: failed to exchange, to claim visit: https://playit.gg/mc/c65f64f21aca47ee
[20:51:06] [Thread-7/INFO]: trying to exchange claim code for secret
[20:51:06] [Thread-7/INFO]: failed to exchange, to claim visit: https://playit.gg/mc/c65f64f21aca47ee
[20:51:09] [Thread-7/INFO]: trying to exchange claim code for secret
[20:51:09] [Thread-7/INFO]: failed to exchange, to claim visit: https://playit.gg/mc/c65f64f21aca47ee
[20:51:12] [Thread-7/INFO]: trying to exchange claim code for secret
[20:51:13] [Thread-7/INFO]: failed to exchange, to claim visit: https://playit.gg/mc/c65f64f21aca47ee
[20:51:16] [Thread-7/INFO]: trying to exchange claim code for secret
[20:51:16] [Thread-7/INFO]: failed to exchange, to claim visit: https://playit.gg/mc/c65f64f21aca47ee
[20:51:19] [Thread-7/INFO]: trying to exchange claim code for secret
[20:51:19] [Thread-7/INFO]: failed to exchange, to claim visit: https://playit.gg/mc/c65f64f21aca47ee
[20:51:23] [Thread-7/INFO]: trying to exchange claim code for secret
[20:51:23] [Thread-7/INFO]: failed to exchange, to claim visit: https://playit.gg/mc/c65f64f21aca47ee
[20:51:26] [Thread-7/INFO]: trying to exchange claim code for secret
[20:51:26] [Thread-7/INFO]: failed to exchange, to claim visit: https://playit.gg/mc/c65f64f21aca47ee
[20:51:29] [Thread-7/INFO]: trying to exchange claim code for secret
[20:51:30] [Thread-7/INFO]: failed to exchange, to claim visit: https://playit.gg/mc/c65f64f21aca47ee
[20:51:33] [Thread-7/INFO]: trying to exchange claim code for secret
[20:51:33] [Thread-7/INFO]: failed to exchange, to claim visit: https://playit.gg/mc/c65f64f21aca47ee
[20:51:36] [Thread-7/INFO]: trying to exchange claim code for secret
[20:51:36] [Thread-7/INFO]: failed to exchange, to claim visit: https://playit.gg/mc/c65f64f21aca47ee
[20:51:39] [Thread-7/INFO]: trying to exchange claim code for secret
[20:51:40] [Thread-7/INFO]: failed to exchange, to claim visit: https://playit.gg/mc/c65f64f21aca47ee
[20:51:43] [Thread-7/INFO]: trying to exchange claim code for secret
[20:51:43] [Thread-7/INFO]: failed to exchange, to claim visit: https://playit.gg/mc/c65f64f21aca47ee
[20:51:46] [Thread-7/INFO]: trying to exchange claim code for secret
[20:51:47] [Thread-7/INFO]: failed to exchange, to claim visit: https://playit.gg/mc/c65f64f21aca47ee
[20:51:50] [Thread-7/INFO]: trying to exchange claim code for secret
[20:51:50] [Thread-7/INFO]: failed to exchange, to claim visit: https://playit.gg/mc/c65f64f21aca47ee
[20:51:53] [Thread-7/INFO]: trying to exchange claim code for secret
[20:51:53] [Thread-7/INFO]: failed to exchange, to claim visit: https://playit.gg/mc/c65f64f21aca47ee
[20:51:56] [Thread-7/INFO]: trying to exchange claim code for secret
[20:51:57] [Thread-7/INFO]: failed to exchange, to claim visit: https://playit.gg/mc/c65f64f21aca47ee
[20:52:00] [Thread-7/INFO]: trying to exchange claim code for secret
[20:52:00] [Thread-7/INFO]: failed to exchange, to claim visit: https://playit.gg/mc/c65f64f21aca47ee
[20:52:03] [Thread-7/INFO]: trying to exchange claim code for secret
[20:52:03] [Thread-7/INFO]: failed to exchange, to claim visit: https://playit.gg/mc/c65f64f21aca47ee
[20:52:06] [Thread-7/INFO]: trying to exchange claim code for secret
[20:52:07] [Thread-7/INFO]: failed to exchange, to claim visit: https://playit.gg/mc/c65f64f21aca47ee
[20:52:10] [Thread-7/INFO]: trying to exchange claim code for secret
[20:52:10] [Thread-7/INFO]: failed to exchange, to claim visit: https://playit.gg/mc/c65f64f21aca47ee
[20:52:13] [Thread-7/INFO]: trying to exchange claim code for secret
[20:52:14] [Thread-7/INFO]: failed to exchange, to claim visit: https://playit.gg/mc/c65f64f21aca47ee
[20:52:17] [Thread-7/INFO]: trying to exchange claim code for secret
[20:52:17] [Thread-7/INFO]: failed to exchange, to claim visit: https://playit.gg/mc/c65f64f21aca47ee
[20:52:20] [Thread-7/INFO]: trying to exchange claim code for secret
[20:52:21] [Thread-7/INFO]: failed to exchange, to claim visit: https://playit.gg/mc/c65f64f21aca47ee
[20:52:24] [Thread-7/INFO]: trying to exchange claim code for secret
[20:52:24] [Thread-7/INFO]: failed to exchange, to claim visit: https://playit.gg/mc/c65f64f21aca47ee
[20:52:27] [Thread-7/INFO]: trying to exchange claim code for secret
[20:52:27] [Thread-7/INFO]: failed to exchange, to claim visit: https://playit.gg/mc/c65f64f21aca47ee
[20:52:30] [Thread-7/INFO]: trying to exchange claim code for secret
[20:52:31] [Thread-7/INFO]: failed to exchange, to claim visit: https://playit.gg/mc/c65f64f21aca47ee
[20:52:34] [Thread-7/INFO]: trying to exchange claim code for secret
[20:52:35] [Thread-7/INFO]: failed to exchange, to claim visit: https://playit.gg/mc/c65f64f21aca47ee
[20:52:38] [Thread-7/INFO]: trying to exchange claim code for secret
[20:52:38] [Thread-7/INFO]: failed to exchange, to claim visit: https://playit.gg/mc/c65f64f21aca47ee
[20:52:41] [Thread-7/INFO]: trying to exchange claim code for secret
[20:52:42] [Thread-7/INFO]: failed to exchange, to claim visit: https://playit.gg/mc/c65f64f21aca47ee
[20:52:45] [Thread-7/INFO]: trying to exchange claim code for secret
[20:52:45] [Thread-7/INFO]: failed to exchange, to claim visit: https://playit.gg/mc/c65f64f21aca47ee
[20:52:48] [Thread-7/INFO]: trying to exchange claim code for secret
[20:52:48] [Thread-7/INFO]: failed to exchange, to claim visit: https://playit.gg/mc/c65f64f21aca47ee
[20:52:51] [Thread-7/INFO]: trying to exchange claim code for secret
[20:52:52] [Thread-7/INFO]: failed to exchange, to claim visit: https://playit.gg/mc/c65f64f21aca47ee
[20:52:55] [Thread-7/INFO]: trying to exchange claim code for secret
[20:52:55] [Thread-7/INFO]: failed to exchange, to claim visit: https://playit.gg/mc/c65f64f21aca47ee
[20:52:58] [Thread-7/INFO]: trying to exchange claim code for secret
[20:52:58] [Thread-7/INFO]: failed to exchange, to claim visit: https://playit.gg/mc/c65f64f21aca47ee
[20:53:01] [Thread-7/INFO]: trying to exchange claim code for secret
[20:53:02] [Thread-7/INFO]: failed to exchange, to claim visit: https://playit.gg/mc/c65f64f21aca47ee
[20:53:05] [Thread-7/INFO]: trying to exchange claim code for secret
[20:53:05] [Thread-7/INFO]: failed to exchange, to claim visit: https://playit.gg/mc/c65f64f21aca47ee
[20:53:08] [Thread-7/INFO]: trying to exchange claim code for secret
[20:53:09] [Thread-7/INFO]: failed to exchange, to claim visit: https://playit.gg/mc/c65f64f21aca47ee
[20:53:12] [Thread-7/INFO]: trying to exchange claim code for secret
[20:53:12] [Thread-7/INFO]: failed to exchange, to claim visit: https://playit.gg/mc/c65f64f21aca47ee
[20:53:15] [Thread-7/INFO]: trying to exchange claim code for secret
[20:53:16] [Thread-7/INFO]: failed to exchange, to claim visit: https://playit.gg/mc/c65f64f21aca47ee
[20:53:19] [Thread-7/INFO]: trying to exchange claim code for secret
[20:53:19] [Thread-7/INFO]: failed to exchange, to claim visit: https://playit.gg/mc/c65f64f21aca47ee
[20:53:22] [Thread-7/INFO]: trying to exchange claim code for secret
[20:53:23] [Thread-7/INFO]: failed to exchange, to claim visit: https://playit.gg/mc/c65f64f21aca47ee
[20:53:26] [Thread-7/INFO]: trying to exchange claim code for secret
[20:53:26] [Thread-7/INFO]: failed to exchange, to claim visit: https://playit.gg/mc/c65f64f21aca47ee
[20:53:29] [Thread-7/INFO]: trying to exchange claim code for secret
[20:53:30] [Thread-7/INFO]: failed to exchange, to claim visit: https://playit.gg/mc/c65f64f21aca47ee
[20:53:33] [Thread-7/INFO]: trying to exchange claim code for secret
[20:53:33] [Thread-7/INFO]: failed to exchange, to claim visit: https://playit.gg/mc/c65f64f21aca47ee
[20:53:36] [Thread-7/INFO]: trying to exchange claim code for secret
[20:53:36] [Thread-7/INFO]: failed to exchange, to claim visit: https://playit.gg/mc/c65f64f21aca47ee
[20:53:39] [Thread-7/INFO]: trying to exchange claim code for secret
[20:53:40] [Thread-7/INFO]: failed to exchange, to claim visit: https://playit.gg/mc/c65f64f21aca47ee
[20:53:43] [Thread-7/INFO]: trying to exchange claim code for secret
[20:53:43] [Thread-7/INFO]: failed to exchange, to claim visit: https://playit.gg/mc/c65f64f21aca47ee
[20:53:46] [Thread-7/INFO]: trying to exchange claim code for secret
[20:53:47] [Thread-7/INFO]: failed to exchange, to claim visit: https://playit.gg/mc/c65f64f21aca47ee
[20:53:50] [Thread-7/INFO]: trying to exchange claim code for secret
[20:53:50] [Thread-7/INFO]: failed to exchange, to claim visit: https://playit.gg/mc/c65f64f21aca47ee
[20:53:53] [Thread-7/INFO]: trying to exchange claim code for secret
[20:53:54] [Thread-7/INFO]: failed to exchange, to claim visit: https://playit.gg/mc/c65f64f21aca47ee
[20:53:57] [Thread-7/INFO]: trying to exchange claim code for secret
[20:53:57] [Thread-7/INFO]: failed to exchange, to claim visit: https://playit.gg/mc/c65f64f21aca47ee
[20:54:00] [Thread-7/INFO]: trying to exchange claim code for secret
[20:54:00] [Thread-7/INFO]: failed to exchange, to claim visit: https://playit.gg/mc/c65f64f21aca47ee
[20:54:03] [Thread-7/INFO]: trying to exchange claim code for secret
[20:54:04] [Thread-7/INFO]: failed to exchange, to claim visit: https://playit.gg/mc/c65f64f21aca47ee
[20:54:07] [Thread-7/INFO]: trying to exchange claim code for secret
[20:54:07] [Thread-7/INFO]: failed to exchange, to claim visit: https://playit.gg/mc/c65f64f21aca47ee
[20:54:10] [Thread-7/INFO]: trying to exchange claim code for secret
[20:54:10] [Thread-7/INFO]: failed to exchange, to claim visit: https://playit.gg/mc/c65f64f21aca47ee
[20:54:13] [Thread-7/INFO]: trying to exchange claim code for secret
[20:54:14] [Thread-7/INFO]: failed to exchange, to claim visit: https://playit.gg/mc/c65f64f21aca47ee
[20:54:17] [Thread-7/INFO]: trying to exchange claim code for secret
[20:54:17] [Thread-7/INFO]: failed to exchange, to claim visit: https://playit.gg/mc/c65f64f21aca47ee
[20:54:20] [Thread-7/INFO]: trying to exchange claim code for secret
[20:54:20] [Thread-7/INFO]: failed to exchange, to claim visit: https://playit.gg/mc/c65f64f21aca47ee
[20:54:23] [Thread-7/INFO]: trying to exchange claim code for secret
[20:54:23] [Thread-7/INFO]: failed to exchange, to claim visit: https://playit.gg/mc/c65f64f21aca47ee
[20:54:26] [Thread-7/INFO]: trying to exchange claim code for secret
[20:54:27] [Thread-7/INFO]: failed to exchange, to claim visit: https://playit.gg/mc/c65f64f21aca47ee
[20:54:30] [Thread-7/INFO]: trying to exchange claim code for secret
[20:54:30] [Thread-7/INFO]: failed to exchange, to claim visit: https://playit.gg/mc/c65f64f21aca47ee
[20:54:33] [Thread-7/INFO]: trying to exchange claim code for secret
[20:54:33] [Thread-7/INFO]: failed to exchange, to claim visit: https://playit.gg/mc/c65f64f21aca47ee
[20:54:36] [Thread-7/INFO]: trying to exchange claim code for secret
[20:54:37] [Thread-7/INFO]: failed to exchange, to claim visit: https://playit.gg/mc/c65f64f21aca47ee
[20:54:40] [Thread-7/INFO]: trying to exchange claim code for secret
[20:54:40] [Thread-7/INFO]: failed to exchange, to claim visit: https://playit.gg/mc/c65f64f21aca47ee
[20:54:43] [Thread-7/INFO]: trying to exchange claim code for secret
[20:54:43] [Thread-7/INFO]: failed to exchange, to claim visit: https://playit.gg/mc/c65f64f21aca47ee
[20:54:46] [Thread-7/INFO]: trying to exchange claim code for secret
[20:54:47] [Thread-7/INFO]: failed to exchange, to claim visit: https://playit.gg/mc/c65f64f21aca47ee
[20:54:50] [Thread-7/INFO]: trying to exchange claim code for secret
[20:54:50] [Thread-7/INFO]: failed to exchange, to claim visit: https://playit.gg/mc/c65f64f21aca47ee
[20:54:53] [Thread-7/INFO]: trying to exchange claim code for secret
[20:54:53] [Thread-7/INFO]: failed to exchange, to claim visit: https://playit.gg/mc/c65f64f21aca47ee
[20:54:56] [Thread-7/INFO]: trying to exchange claim code for secret
[20:54:57] [Thread-7/INFO]: failed to exchange, to claim visit: https://playit.gg/mc/c65f64f21aca47ee
[20:55:00] [Thread-7/INFO]: trying to exchange claim code for secret
[20:55:00] [Thread-7/INFO]: failed to exchange, to claim visit: https://playit.gg/mc/c65f64f21aca47ee
[20:55:03] [Thread-7/INFO]: trying to exchange claim code for secret
[20:55:03] [Thread-7/INFO]: failed to exchange, to claim visit: https://playit.gg/mc/c65f64f21aca47ee
[20:55:06] [Thread-7/INFO]: trying to exchange claim code for secret
[20:55:07] [Thread-7/INFO]: failed to exchange, to claim visit: https://playit.gg/mc/c65f64f21aca47ee
[20:55:10] [Thread-7/INFO]: trying to exchange claim code for secret
[20:55:10] [Thread-7/INFO]: failed to exchange, to claim visit: https://playit.gg/mc/c65f64f21aca47ee
[20:55:13] [Thread-7/INFO]: trying to exchange claim code for secret
[20:55:13] [Thread-7/INFO]: failed to exchange, to claim visit: https://playit.gg/mc/c65f64f21aca47ee
[20:55:16] [Thread-7/INFO]: trying to exchange claim code for secret
[20:55:17] [Thread-7/INFO]: failed to exchange, to claim visit: https://playit.gg/mc/c65f64f21aca47ee
[20:55:20] [Thread-7/INFO]: trying to exchange claim code for secret
[20:55:20] [Thread-7/INFO]: failed to exchange, to claim visit: https://playit.gg/mc/c65f64f21aca47ee
[20:55:23] [Thread-7/INFO]: trying to exchange claim code for secret
[20:55:23] [Thread-7/INFO]: failed to exchange, to claim visit: https://playit.gg/mc/c65f64f21aca47ee
[20:55:26] [Thread-7/INFO]: trying to exchange claim code for secret
[20:55:27] [Thread-7/INFO]: failed to exchange, to claim visit: https://playit.gg/mc/c65f64f21aca47ee
[20:55:30] [Thread-7/INFO]: trying to exchange claim code for secret
[20:55:30] [Thread-7/INFO]: failed to exchange, to claim visit: https://playit.gg/mc/c65f64f21aca47ee
[20:55:33] [Thread-7/INFO]: trying to exchange claim code for secret
[20:55:33] [Thread-7/INFO]: failed to exchange, to claim visit: https://playit.gg/mc/c65f64f21aca47ee
[20:55:36] [Thread-7/INFO]: trying to exchange claim code for secret
[20:55:37] [Thread-7/INFO]: failed to exchange, to claim visit: https://playit.gg/mc/c65f64f21aca47ee
[20:55:40] [Thread-7/INFO]: trying to exchange claim code for secret
[20:55:40] [Thread-7/INFO]: failed to exchange, to claim visit: https://playit.gg/mc/c65f64f21aca47ee
[20:55:43] [Thread-7/INFO]: trying to exchange claim code for secret
[20:55:43] [Thread-7/INFO]: failed to exchange, to claim visit: https://playit.gg/mc/c65f64f21aca47ee
[20:55:46] [Thread-7/INFO]: trying to exchange claim code for secret
[20:55:46] [Thread-7/INFO]: failed to exchange, to claim visit: https://playit.gg/mc/c65f64f21aca47ee
[20:55:49] [Thread-7/INFO]: trying to exchange claim code for secret
[20:55:51] [Thread-7/INFO]: failed to exchange, to claim visit: https://playit.gg/mc/c65f64f21aca47ee
[20:55:54] [Thread-7/INFO]: trying to exchange claim code for secret
[20:55:54] [Thread-7/INFO]: failed to exchange, to claim visit: https://playit.gg/mc/c65f64f21aca47ee
[20:55:57] [Thread-7/INFO]: trying to exchange claim code for secret
[20:55:57] [Thread-7/INFO]: failed to exchange, to claim visit: https://playit.gg/mc/c65f64f21aca47ee
[20:56:00] [Thread-7/INFO]: trying to exchange claim code for secret
[20:56:00] [Thread-7/INFO]: failed to exchange, to claim visit: https://playit.gg/mc/c65f64f21aca47ee
[20:56:03] [Thread-7/INFO]: trying to exchange claim code for secret
[20:56:04] [Thread-7/INFO]: failed to exchange, to claim visit: https://playit.gg/mc/c65f64f21aca47ee
[20:56:07] [Thread-7/INFO]: trying to exchange claim code for secret
[20:56:07] [Thread-7/INFO]: failed to exchange, to claim visit: https://playit.gg/mc/c65f64f21aca47ee
[20:56:10] [Thread-7/INFO]: trying to exchange claim code for secret
[20:56:10] [Thread-7/INFO]: failed to exchange, to claim visit: https://playit.gg/mc/c65f64f21aca47ee
[20:56:13] [Thread-7/INFO]: trying to exchange claim code for secret
[20:56:14] [Thread-7/INFO]: failed to exchange, to claim visit: https://playit.gg/mc/c65f64f21aca47ee
[20:56:17] [Thread-7/INFO]: trying to exchange claim code for secret
[20:56:17] [Thread-7/INFO]: failed to exchange, to claim visit: https://playit.gg/mc/c65f64f21aca47ee
[20:56:20] [Thread-7/INFO]: trying to exchange claim code for secret
[20:56:20] [Thread-7/INFO]: failed to exchange, to claim visit: https://playit.gg/mc/c65f64f21aca47ee
[20:56:23] [Thread-7/INFO]: trying to exchange claim code for secret
[20:56:24] [Thread-7/INFO]: failed to exchange, to claim visit: https://playit.gg/mc/c65f64f21aca47ee
[20:56:27] [Thread-7/INFO]: trying to exchange claim code for secret
[20:56:27] [Thread-7/INFO]: failed to exchange, to claim visit: https://playit.gg/mc/c65f64f21aca47ee
[20:56:30] [Thread-7/INFO]: trying to exchange claim code for secret
[20:56:30] [Thread-7/INFO]: failed to exchange, to claim visit: https://playit.gg/mc/c65f64f21aca47ee
[20:56:33] [Thread-7/INFO]: trying to exchange claim code for secret
[20:56:34] [Thread-7/INFO]: failed to exchange, to claim visit: https://playit.gg/mc/c65f64f21aca47ee
[20:56:37] [Thread-7/INFO]: trying to exchange claim code for secret
[20:56:37] [Thread-7/INFO]: failed to exchange, to claim visit: https://playit.gg/mc/c65f64f21aca47ee
[20:56:40] [Thread-7/INFO]: trying to exchange claim code for secret
[20:56:40] [Thread-7/INFO]: failed to exchange, to claim visit: https://playit.gg/mc/c65f64f21aca47ee
[20:56:43] [Thread-7/INFO]: trying to exchange claim code for secret
[20:56:44] [Thread-7/INFO]: failed to exchange, to claim visit: https://playit.gg/mc/c65f64f21aca47ee
[20:56:47] [Thread-7/INFO]: trying to exchange claim code for secret
[20:56:47] [Thread-7/INFO]: failed to exchange, to claim visit: https://playit.gg/mc/c65f64f21aca47ee
[20:56:50] [Thread-7/INFO]: trying to exchange claim code for secret
[20:56:50] [Thread-7/INFO]: failed to exchange, to claim visit: https://playit.gg/mc/c65f64f21aca47ee
[20:56:53] [Thread-7/INFO]: trying to exchange claim code for secret
[20:56:53] [Thread-7/INFO]: failed to exchange, to claim visit: https://playit.gg/mc/c65f64f21aca47ee
[20:56:56] [Thread-7/INFO]: trying to exchange claim code for secret
[20:56:57] [Thread-7/INFO]: failed to exchange, to claim visit: https://playit.gg/mc/c65f64f21aca47ee
[20:57:00] [Thread-7/INFO]: trying to exchange claim code for secret
[20:57:00] [Thread-7/INFO]: failed to exchange, to claim visit: https://playit.gg/mc/c65f64f21aca47ee
[20:57:03] [Thread-7/INFO]: trying to exchange claim code for secret
[20:57:03] [Thread-7/INFO]: failed to exchange, to claim visit: https://playit.gg/mc/c65f64f21aca47ee
[20:57:06] [Thread-7/INFO]: trying to exchange claim code for secret
[20:57:07] [Thread-7/INFO]: failed to exchange, to claim visit: https://playit.gg/mc/c65f64f21aca47ee
[20:57:10] [Thread-7/INFO]: trying to exchange claim code for secret
[20:57:10] [Thread-7/INFO]: failed to exchange, to claim visit: https://playit.gg/mc/c65f64f21aca47ee
[20:57:13] [Thread-7/INFO]: trying to exchange claim code for secret
[20:57:14] [Thread-7/INFO]: failed to exchange, to claim visit: https://playit.gg/mc/c65f64f21aca47ee
[20:57:17] [Thread-7/INFO]: trying to exchange claim code for secret
[20:57:17] [Thread-7/INFO]: failed to exchange, to claim visit: https://playit.gg/mc/c65f64f21aca47ee
[20:57:20] [Thread-7/INFO]: trying to exchange claim code for secret
[20:57:20] [Thread-7/INFO]: failed to exchange, to claim visit: https://playit.gg/mc/c65f64f21aca47ee
[20:57:23] [Thread-7/INFO]: trying to exchange claim code for secret
[20:57:24] [Thread-7/INFO]: failed to exchange, to claim visit: https://playit.gg/mc/c65f64f21aca47ee
[20:57:27] [Thread-7/INFO]: trying to exchange claim code for secret
[20:57:27] [Thread-7/INFO]: failed to exchange, to claim visit: https://playit.gg/mc/c65f64f21aca47ee
[20:57:30] [Thread-7/INFO]: trying to exchange claim code for secret
[20:57:30] [Thread-7/INFO]: failed to exchange, to claim visit: https://playit.gg/mc/c65f64f21aca47ee
[20:57:33] [Thread-7/INFO]: trying to exchange claim code for secret
[20:57:34] [Thread-7/INFO]: failed to exchange, to claim visit: https://playit.gg/mc/c65f64f21aca47ee
[20:57:37] [Thread-7/INFO]: trying to exchange claim code for secret
[20:57:37] [Thread-7/INFO]: failed to exchange, to claim visit: https://playit.gg/mc/c65f64f21aca47ee
[20:57:40] [Thread-7/INFO]: trying to exchange claim code for secret
[20:57:41] [Thread-7/INFO]: failed to exchange, to claim visit: https://playit.gg/mc/c65f64f21aca47ee
[20:57:44] [Thread-7/INFO]: trying to exchange claim code for secret
[20:57:44] [Thread-7/INFO]: failed to exchange, to claim visit: https://playit.gg/mc/c65f64f21aca47ee
[20:57:47] [Thread-7/INFO]: trying to exchange claim code for secret
[20:57:48] [Thread-7/INFO]: failed to exchange, to claim visit: https://playit.gg/mc/c65f64f21aca47ee
[20:57:51] [Thread-7/INFO]: trying to exchange claim code for secret
[20:57:51] [Thread-7/INFO]: failed to exchange, to claim visit: https://playit.gg/mc/c65f64f21aca47ee
[20:57:54] [Thread-7/INFO]: trying to exchange claim code for secret
[20:57:55] [Thread-7/INFO]: failed to exchange, to claim visit: https://playit.gg/mc/c65f64f21aca47ee
[20:57:58] [Thread-7/INFO]: trying to exchange claim code for secret
[20:57:58] [Thread-7/INFO]: failed to exchange, to claim visit: https://playit.gg/mc/c65f64f21aca47ee
[20:58:01] [Thread-7/INFO]: trying to exchange claim code for secret
[20:58:02] [Thread-7/INFO]: failed to exchange, to claim visit: https://playit.gg/mc/c65f64f21aca47ee
[20:58:05] [Thread-7/INFO]: trying to exchange claim code for secret
[20:58:06] [Thread-7/INFO]: failed to exchange, to claim visit: https://playit.gg/mc/c65f64f21aca47ee
[20:58:09] [Thread-7/INFO]: trying to exchange claim code for secret
[20:58:09] [Thread-7/INFO]: failed to exchange, to claim visit: https://playit.gg/mc/c65f64f21aca47ee
[20:58:12] [Thread-7/INFO]: trying to exchange claim code for secret
[20:58:13] [Thread-7/INFO]: failed to exchange, to claim visit: https://playit.gg/mc/c65f64f21aca47ee
[20:58:16] [Thread-7/INFO]: trying to exchange claim code for secret
[20:58:18] [Thread-7/INFO]: failed to exchange, to claim visit: https://playit.gg/mc/c65f64f21aca47ee
[20:58:21] [Thread-7/INFO]: trying to exchange claim code for secret
[20:58:22] [Thread-7/INFO]: failed to exchange, to claim visit: https://playit.gg/mc/c65f64f21aca47ee
[20:58:25] [Thread-7/INFO]: trying to exchange claim code for secret
[20:58:25] [Thread-7/INFO]: failed to exchange, to claim visit: https://playit.gg/mc/c65f64f21aca47ee
[20:58:28] [Thread-7/INFO]: trying to exchange claim code for secret
[20:58:29] [Thread-7/INFO]: failed to exchange, to claim visit: https://playit.gg/mc/c65f64f21aca47ee
[20:58:32] [Thread-7/INFO]: trying to exchange claim code for secret
[20:58:32] [Thread-7/INFO]: failed to exchange, to claim visit: https://playit.gg/mc/c65f64f21aca47ee
[20:58:35] [Thread-7/INFO]: trying to exchange claim code for secret
[20:58:35] [Thread-7/INFO]: failed to exchange, to claim visit: https://playit.gg/mc/c65f64f21aca47ee
[20:58:38] [Thread-7/INFO]: trying to exchange claim code for secret
[20:58:39] [Thread-7/INFO]: failed to exchange, to claim visit: https://playit.gg/mc/c65f64f21aca47ee
[20:58:42] [Thread-7/INFO]: trying to exchange claim code for secret
[20:58:43] [Thread-7/INFO]: failed to exchange, to claim visit: https://playit.gg/mc/c65f64f21aca47ee
[20:58:46] [Thread-7/INFO]: trying to exchange claim code for secret
[20:58:46] [Thread-7/INFO]: failed to exchange, to claim visit: https://playit.gg/mc/c65f64f21aca47ee
[20:58:49] [Thread-7/INFO]: trying to exchange claim code for secret
[20:58:49] [Thread-7/INFO]: failed to exchange, to claim visit: https://playit.gg/mc/c65f64f21aca47ee
[20:58:52] [Thread-7/INFO]: trying to exchange claim code for secret
[20:59:00] [Thread-7/INFO]: failed to exchange, to claim visit: https://playit.gg/mc/c65f64f21aca47ee
[20:59:03] [Thread-7/INFO]: trying to exchange claim code for secret
[20:59:04] [Thread-7/INFO]: failed to exchange, to claim visit: https://playit.gg/mc/c65f64f21aca47ee
[20:59:07] [Thread-7/INFO]: trying to exchange claim code for secret
[20:59:07] [Thread-7/INFO]: failed to exchange, to claim visit: https://playit.gg/mc/c65f64f21aca47ee
[20:59:10] [Thread-7/INFO]: trying to exchange claim code for secret
[20:59:11] [Thread-7/INFO]: failed to exchange, to claim visit: https://playit.gg/mc/c65f64f21aca47ee
[20:59:14] [Thread-7/INFO]: trying to exchange claim code for secret
[20:59:14] [Thread-7/INFO]: failed to exchange, to claim visit: https://playit.gg/mc/c65f64f21aca47ee
[20:59:17] [Thread-7/INFO]: trying to exchange claim code for secret
[20:59:18] [Thread-7/INFO]: failed to exchange, to claim visit: https://playit.gg/mc/c65f64f21aca47ee
[20:59:21] [Thread-7/INFO]: trying to exchange claim code for secret
[20:59:22] [Thread-7/INFO]: failed to exchange, to claim visit: https://playit.gg/mc/c65f64f21aca47ee
[20:59:25] [Thread-7/INFO]: trying to exchange claim code for secret
[20:59:26] [Thread-7/INFO]: failed to exchange, to claim visit: https://playit.gg/mc/c65f64f21aca47ee
[20:59:29] [Thread-7/INFO]: trying to exchange claim code for secret
[20:59:29] [Thread-7/INFO]: failed to exchange, to claim visit: https://playit.gg/mc/c65f64f21aca47ee
[20:59:32] [Thread-7/INFO]: trying to exchange claim code for secret
[20:59:32] [Thread-7/INFO]: failed to exchange, to claim visit: https://playit.gg/mc/c65f64f21aca47ee
[20:59:35] [Thread-7/INFO]: trying to exchange claim code for secret
[20:59:36] [Thread-7/INFO]: failed to exchange, to claim visit: https://playit.gg/mc/c65f64f21aca47ee
[20:59:39] [Thread-7/INFO]: trying to exchange claim code for secret
[20:59:39] [Thread-7/INFO]: failed to exchange, to claim visit: https://playit.gg/mc/c65f64f21aca47ee
[20:59:42] [Thread-7/INFO]: trying to exchange claim code for secret
[20:59:43] [Thread-7/INFO]: failed to exchange, to claim visit: https://playit.gg/mc/c65f64f21aca47ee
[20:59:46] [Thread-7/INFO]: trying to exchange claim code for secret
[20:59:46] [Thread-7/INFO]: failed to exchange, to claim visit: https://playit.gg/mc/c65f64f21aca47ee
[20:59:49] [Thread-7/INFO]: trying to exchange claim code for secret
[20:59:49] [Thread-7/INFO]: failed to exchange, to claim visit: https://playit.gg/mc/c65f64f21aca47ee
[20:59:52] [Thread-7/INFO]: trying to exchange claim code for secret
[20:59:53] [Thread-7/INFO]: failed to exchange, to claim visit: https://playit.gg/mc/c65f64f21aca47ee
[20:59:56] [Thread-7/INFO]: trying to exchange claim code for secret
[20:59:56] [Thread-7/INFO]: failed to exchange, to claim visit: https://playit.gg/mc/c65f64f21aca47ee
[20:59:59] [Thread-7/INFO]: trying to exchange claim code for secret
[20:59:59] [Thread-7/INFO]: failed to exchange, to claim visit: https://playit.gg/mc/c65f64f21aca47ee
[21:00:02] [Thread-7/INFO]: trying to exchange claim code for secret
[21:00:03] [Thread-7/INFO]: failed to exchange, to claim visit: https://playit.gg/mc/c65f64f21aca47ee
[21:00:06] [Thread-7/INFO]: trying to exchange claim code for secret
[21:00:06] [Thread-7/INFO]: failed to exchange, to claim visit: https://playit.gg/mc/c65f64f21aca47ee
[21:00:09] [Thread-7/INFO]: trying to exchange claim code for secret
[21:00:09] [Thread-7/INFO]: failed to exchange, to claim visit: https://playit.gg/mc/c65f64f21aca47ee
[21:00:12] [Thread-7/INFO]: trying to exchange claim code for secret
[21:00:13] [Thread-7/INFO]: failed to exchange, to claim visit: https://playit.gg/mc/c65f64f21aca47ee
[21:00:16] [Thread-7/INFO]: trying to exchange claim code for secret
[21:00:16] [Thread-7/INFO]: failed to exchange, to claim visit: https://playit.gg/mc/c65f64f21aca47ee
[21:00:19] [Thread-7/INFO]: trying to exchange claim code for secret
[21:00:20] [Thread-7/INFO]: failed to exchange, to claim visit: https://playit.gg/mc/c65f64f21aca47ee
[21:00:23] [Thread-7/INFO]: trying to exchange claim code for secret
[21:00:23] [Thread-7/INFO]: failed to exchange, to claim visit: https://playit.gg/mc/c65f64f21aca47ee
[21:00:26] [Thread-7/INFO]: trying to exchange claim code for secret
[21:00:26] [Thread-7/INFO]: failed to exchange, to claim visit: https://playit.gg/mc/c65f64f21aca47ee
[21:00:29] [Thread-7/INFO]: trying to exchange claim code for secret
[21:00:30] [Thread-7/INFO]: failed to exchange, to claim visit: https://playit.gg/mc/c65f64f21aca47ee
[21:00:33] [Thread-7/INFO]: trying to exchange claim code for secret
[21:00:33] [Thread-7/INFO]: failed to exchange, to claim visit: https://playit.gg/mc/c65f64f21aca47ee
[21:00:36] [Thread-7/INFO]: trying to exchange claim code for secret
[21:00:36] [Thread-7/INFO]: failed to exchange, to claim visit: https://playit.gg/mc/c65f64f21aca47ee
[21:00:39] [Thread-7/INFO]: trying to exchange claim code for secret
[21:00:40] [Thread-7/INFO]: failed to exchange, to claim visit: https://playit.gg/mc/c65f64f21aca47ee
[21:00:43] [Thread-7/INFO]: trying to exchange claim code for secret
[21:00:43] [Thread-7/INFO]: failed to exchange, to claim visit: https://playit.gg/mc/c65f64f21aca47ee
[21:00:46] [Thread-7/INFO]: trying to exchange claim code for secret
[21:00:46] [Thread-7/INFO]: failed to exchange, to claim visit: https://playit.gg/mc/c65f64f21aca47ee
[21:00:49] [Thread-7/INFO]: trying to exchange claim code for secret
[21:00:50] [Thread-7/INFO]: failed to exchange, to claim visit: https://playit.gg/mc/c65f64f21aca47ee
[21:00:53] [Thread-7/INFO]: trying to exchange claim code for secret
[21:00:53] [Thread-7/INFO]: failed to exchange, to claim visit: https://playit.gg/mc/c65f64f21aca47ee
[21:00:56] [Thread-7/INFO]: trying to exchange claim code for secret
[21:00:56] [Thread-7/INFO]: failed to exchange, to claim visit: https://playit.gg/mc/c65f64f21aca47ee
[21:00:59] [Thread-7/INFO]: trying to exchange claim code for secret
[21:01:00] [Thread-7/INFO]: failed to exchange, to claim visit: https://playit.gg/mc/c65f64f21aca47ee
[21:01:03] [Thread-7/INFO]: trying to exchange claim code for secret
[21:01:03] [Thread-7/INFO]: failed to exchange, to claim visit: https://playit.gg/mc/c65f64f21aca47ee
[21:01:06] [Thread-7/INFO]: trying to exchange claim code for secret
[21:01:06] [Thread-7/INFO]: failed to exchange, to claim visit: https://playit.gg/mc/c65f64f21aca47ee
[21:01:09] [Thread-7/INFO]: trying to exchange claim code for secret
[21:01:09] [Thread-7/INFO]: failed to exchange, to claim visit: https://playit.gg/mc/c65f64f21aca47ee
[21:01:12] [Thread-7/INFO]: trying to exchange claim code for secret
[21:01:13] [Thread-7/INFO]: failed to exchange, to claim visit: https://playit.gg/mc/c65f64f21aca47ee
[21:01:16] [Thread-7/INFO]: trying to exchange claim code for secret
[21:01:16] [Thread-7/INFO]: failed to exchange, to claim visit: https://playit.gg/mc/c65f64f21aca47ee
[21:01:19] [Thread-7/INFO]: trying to exchange claim code for secret
[21:01:19] [Thread-7/INFO]: failed to exchange, to claim visit: https://playit.gg/mc/c65f64f21aca47ee
[21:01:22] [Thread-7/INFO]: trying to exchange claim code for secret
[21:01:23] [Thread-7/INFO]: failed to exchange, to claim visit: https://playit.gg/mc/c65f64f21aca47ee
[21:01:26] [Thread-7/INFO]: trying to exchange claim code for secret
[21:01:26] [Thread-7/INFO]: failed to exchange, to claim visit: https://playit.gg/mc/c65f64f21aca47ee
